<?xml version="1.0" encoding="UTF-8"?>
<testng-results skipped="0" failed="1" ignored="0" total="1" passed="0">
  <reporter-output>
  </reporter-output>
  <suite name="Default suite" duration-ms="1467" started-at="2018-02-02T04:36:20Z" finished-at="2018-02-02T04:36:21Z">
    <groups>
    </groups>
    <test name="Default test" duration-ms="1467" started-at="2018-02-02T04:36:20Z" finished-at="2018-02-02T04:36:21Z">
      <class name="com.qa.api.PostAPI">
        <test-method status="PASS" signature="Setup()[pri:0, instance:com.qa.api.PostAPI@5419f379]" name="Setup" is-config="true" duration-ms="7" started-at="2018-02-01T22:36:20Z" finished-at="2018-02-01T22:36:20Z">
          <reporter-output>
          </reporter-output>
        </test-method> <!-- Setup -->
        <test-method status="FAIL" signature="postAPI_WithHeader()[pri:0, instance:com.qa.api.PostAPI@5419f379]" name="postAPI_WithHeader" duration-ms="1422" started-at="2018-02-01T22:36:20Z" finished-at="2018-02-01T22:36:21Z">
          <exception class="org.json.JSONException">
            <message>
              <![CDATA[A JSONObject text must begin with '{' at 1 [character 2 line 1]]]>
            </message>
            <full-stacktrace>
              <![CDATA[org.json.JSONException: A JSONObject text must begin with '{' at 1 [character 2 line 1]at org.json.JSONTokener.syntaxError(JSONTokener.java:433)at org.json.JSONObject.<init>(JSONObject.java:195)at org.json.JSONObject.<init>(JSONObject.java:319)at com.qa.api.PostAPI.postAPI_WithHeader(PostAPI.java:65)at sun.reflect.NativeMethodAccessorImpl.invoke0(Native Method)at sun.reflect.NativeMethodAccessorImpl.invoke(Unknown Source)at sun.reflect.DelegatingMethodAccessorImpl.invoke(Unknown Source)at java.lang.reflect.Method.invoke(Unknown Source)at org.testng.internal.MethodInvocationHelper.invokeMethod(MethodInvocationHelper.java:124)at org.testng.internal.Invoker.invokeMethod(Invoker.java:571)at org.testng.internal.Invoker.invokeTestMethod(Invoker.java:707)at org.testng.internal.Invoker.invokeTestMethods(Invoker.java:979)at org.testng.internal.TestMethodWorker.invokeTestMethods(TestMethodWorker.java:125)at org.testng.internal.TestMethodWorker.run(TestMethodWorker.java:109)at org.testng.TestRunner.privateRun(TestRunner.java:648)at org.testng.TestRunner.run(TestRunner.java:505)at org.testng.SuiteRunner.runTest(SuiteRunner.java:455)at org.testng.SuiteRunner.runSequentially(SuiteRunner.java:450)at org.testng.SuiteRunner.privateRun(SuiteRunner.java:415)at org.testng.SuiteRunner.run(SuiteRunner.java:364)at org.testng.SuiteRunnerWorker.runSuite(SuiteRunnerWorker.java:52)at org.testng.SuiteRunnerWorker.run(SuiteRunnerWorker.java:84)at org.testng.TestNG.runSuitesSequentially(TestNG.java:1187)at org.testng.TestNG.runSuitesLocally(TestNG.java:1116)at org.testng.TestNG.runSuites(TestNG.java:1028)at org.testng.TestNG.run(TestNG.java:996)at org.testng.remote.AbstractRemoteTestNG.run(AbstractRemoteTestNG.java:114)at org.testng.remote.RemoteTestNG.initAndRun(RemoteTestNG.java:251)at org.testng.remote.RemoteTestNG.main(RemoteTestNG.java:77)]]>
            </full-stacktrace>
          </exception> <!-- org.json.JSONException -->
          <reporter-output>
          </reporter-output>
        </test-method> <!-- postAPI_WithHeader -->
      </class> <!-- com.qa.api.PostAPI -->
    </test> <!-- Default test -->
  </suite> <!-- Default suite -->
</testng-results>
